<?xml version="1.0" encoding="UTF-8"?>
<!-- Generated by org.testng.reporters.JUnitReportReporter -->
<testsuite hostname="DESKTOP-1GV7ETQ" failures="0" tests="4" name="automationteststorewebsite.MyTestCase" time="35.969" errors="0" timestamp="2025-10-02T17:32:35 MSK" skipped="0">
  <testcase classname="automationteststorewebsite.MyTestCase" name="singUp" time="11.352"/>
  <system-out/>
  <testcase classname="automationteststorewebsite.MyTestCase" name="Logout" time="5.027"/>
  <system-out/>
  <testcase classname="automationteststorewebsite.MyTestCase" name="login" time="0.926"/>
  <system-out/>
  <testcase classname="automationteststorewebsite.MyTestCase" name="AddItemToTheCart" time="18.664"/>
  <system-out/>
</testsuite> <!-- automationteststorewebsite.MyTestCase -->
