<?xml version="1.0" encoding="UTF-8"?>
<!-- Generated by org.testng.reporters.JUnitReportReporter -->
<testsuite hostname="DESKTOP-1GV7ETQ" failures="0" tests="4" name="automationteststorewebsite.MyTestCase" time="38.509" errors="0" timestamp="2025-10-03T15:45:57 MSK" skipped="0">
  <testcase classname="automationteststorewebsite.MyTestCase" name="singUp" time="11.598"/>
  <system-out/>
  <testcase classname="automationteststorewebsite.MyTestCase" name="Logout" time="5.139"/>
  <system-out/>
  <testcase classname="automationteststorewebsite.MyTestCase" name="login" time="1.457"/>
  <system-out/>
  <testcase classname="automationteststorewebsite.MyTestCase" name="AddItemToTheCart" time="20.315"/>
  <system-out/>
</testsuite> <!-- automationteststorewebsite.MyTestCase -->
